[0;34m[2025-10-20 13:21:20][0m Starting Complete Spotify Music Data Analysis Pipeline
[0;34m[2025-10-20 13:21:20][0m Input file: ../data/samples/Spotify_Filtered_1k.csv
[0;34m[2025-10-20 13:21:20][0m Output directory: /Users/radhikamandhanya/bestmusic-spotify-music/Project Assignment 4: SED, AWK, Shell/out
[0;34m[2025-10-20 13:21:20][0m Log directory: /Users/radhikamandhanya/bestmusic-spotify-music/Project Assignment 4: SED, AWK, Shell/logs
[0;35m[SECTION][0m PART A: Data Cleaning and Quality Assessment
[0;34m[2025-10-20 13:21:20][0m Cleaning input data with SED...
[0;34m[2025-10-20 13:21:20][0m Generating data quality samples...
[0;32m[SUCCESS][0m Part A completed: Data cleaning and quality assessment
[0;35m[SECTION][0m PART B: Frequency Analysis
[0;34m[2025-10-20 13:21:20][0m Analyzing genre frequency distribution...
[0;34m[2025-10-20 13:21:20][0m Analyzing artist frequency distribution...
[0;32m[SUCCESS][0m Part B completed: Frequency analysis
[0;35m[SECTION][0m PART C: Top-N Lists
[0;34m[2025-10-20 13:21:20][0m Generating top 10 popular tracks...
[0;34m[2025-10-20 13:21:20][0m Generating top 10 tempo tracks...
[0;32m[SUCCESS][0m Part C completed: Top-N lists
[0;35m[SECTION][0m PART D: Statistical Aggregation and Skinny Tables
[0;34m[2025-10-20 13:21:20][0m Creating artist popularity skinny table...
[0;34m[2025-10-20 13:21:20][0m Creating genre analysis skinny table...
[0;32m[SUCCESS][0m Part D completed: Statistical aggregation and skinny tables
[0;35m[SECTION][0m PART E: Temporal/String Structure Analysis
[0;34m[2025-10-20 13:21:20][0m Analyzing track name length distribution...
[0;34m[2025-10-20 13:21:20][0m Analyzing duration buckets (temporal-like structure)...
[0;34m[2025-10-20 13:21:20][0m Analyzing case normalization for duplicate detection...
[0;32m[SUCCESS][0m Part E completed: Temporal/String structure analysis
[0;35m[SECTION][0m PART F: Signal Discovery
[0;34m[2025-10-20 13:21:20][0m Analyzing keyword families in track names...
[0;34m[2025-10-20 13:21:20][0m Detecting outliers using z-score analysis...
[0;34m[2025-10-20 13:21:20][0m Analyzing genre signal patterns...
[0;32m[SUCCESS][0m Part F completed: Signal discovery
[0;35m[SECTION][0m GENERATING FINAL SUMMARY REPORT
[0;34m[2025-10-20 13:21:20][0m Creating comprehensive analysis summary...
[0;34m[2025-10-20 13:21:20][0m Analysis pipeline completed successfully!
[0;34m[2025-10-20 13:21:20][0m Generated       32 output files in /Users/radhikamandhanya/bestmusic-spotify-music/Project Assignment 4: SED, AWK, Shell/out
[0;36m[INFO][0m Key Statistics:
Total tracks analyzed:      950
Unique genres:       27
Unique artists:      814
Outliers detected:      123
[0;32m[SUCCESS][0m Complete analysis pipeline finished successfully!
[0;34m[2025-10-20 13:21:20][0m All results saved to: /Users/radhikamandhanya/bestmusic-spotify-music/Project Assignment 4: SED, AWK, Shell/out
[0;34m[2025-10-20 13:21:20][0m Logs saved to: /Users/radhikamandhanya/bestmusic-spotify-music/Project Assignment 4: SED, AWK, Shell/logs
[0;34m[2025-10-20 13:21:20][0m Cleaned up temporary directory: /tmp/spotify_analysis_15050
