[0;34m[2025-10-20 13:16:26][0m Starting Part F: Signal Discovery Analysis
[0;34m[2025-10-20 13:16:26][0m Input file: ../data/samples/Spotify_Filtered_1k.csv
[0;34m[2025-10-20 13:16:26][0m Output directory: /Users/radhikamandhanya/bestmusic-spotify-music/Project Assignment 4: SED, AWK, Shell/out
[0;34m[2025-10-20 13:16:26][0m Cleaning input data...
[0;34m[2025-10-20 13:16:26][0m === TEXT COLUMN SIGNAL DISCOVERY ===
[0;34m[2025-10-20 13:16:26][0m Analyzing genre case-folding patterns...
[0;34m[2025-10-20 13:16:26][0m Analyzing keyword families in track names...
[0;34m[2025-10-20 13:16:26][0m Cleaned up temporary directory: /tmp/pa4_part_f_14478
[0;34m[2025-10-20 13:16:50][0m Starting Part F: Signal Discovery Analysis
[0;34m[2025-10-20 13:16:50][0m Input file: ../data/samples/Spotify_Filtered_1k.csv
[0;34m[2025-10-20 13:16:50][0m Output directory: /Users/radhikamandhanya/bestmusic-spotify-music/Project Assignment 4: SED, AWK, Shell/out
[0;34m[2025-10-20 13:16:50][0m Cleaning input data...
[0;34m[2025-10-20 13:16:50][0m === TEXT COLUMN SIGNAL DISCOVERY ===
[0;34m[2025-10-20 13:16:50][0m Analyzing genre case-folding patterns...
[0;34m[2025-10-20 13:16:50][0m Analyzing keyword families in track names...
[0;34m[2025-10-20 13:16:50][0m Analyzing top genre signals...
[0;34m[2025-10-20 13:16:50][0m Analyzing artist name patterns...
[0;34m[2025-10-20 13:16:50][0m === NUMERICAL COLUMN SIGNAL DISCOVERY ===
[0;34m[2025-10-20 13:16:50][0m Analyzing numerical column distributions...
[0;34m[2025-10-20 13:16:50][0m Detecting outliers using z-score analysis...
[0;34m[2025-10-20 13:16:50][0m Analyzing categorical comparisons by genre...
[0;34m[2025-10-20 13:16:50][0m Analyzing high percentage thresholds...
[0;34m[2025-10-20 13:16:50][0m Creating signal discovery summary...
[0;32m[SUCCESS][0m Part F signal discovery analysis completed successfully!
[0;34m[2025-10-20 13:16:50][0m Generated files in /Users/radhikamandhanya/bestmusic-spotify-music/Project Assignment 4: SED, AWK, Shell/out:
-rw-r--r--  1 radhikamandhanya  staff   535 Oct 20 13:16 /Users/radhikamandhanya/bestmusic-spotify-music/Project Assignment 4: SED, AWK, Shell/out/genre_case_folding_analysis.tsv
-rw-r--r--  1 radhikamandhanya  staff   477 Oct 20 13:16 /Users/radhikamandhanya/bestmusic-spotify-music/Project Assignment 4: SED, AWK, Shell/out/genre_top_signals.tsv
-rw-r--r--  1 radhikamandhanya  staff   277 Oct 20 13:16 /Users/radhikamandhanya/bestmusic-spotify-music/Project Assignment 4: SED, AWK, Shell/out/high_percentage_thresholds.tsv
-rw-r--r--  1 radhikamandhanya  staff  6535 Oct 20 13:16 /Users/radhikamandhanya/bestmusic-spotify-music/Project Assignment 4: SED, AWK, Shell/out/outlier_analysis.tsv
-rw-r--r--  1 radhikamandhanya  staff  2555 Oct 20 13:16 /Users/radhikamandhanya/bestmusic-spotify-music/Project Assignment 4: SED, AWK, Shell/out/part_f_signal_discovery_summary.txt
-rw-r--r--  1 radhikamandhanya  staff  2555 Oct 20 13:16 /Users/radhikamandhanya/bestmusic-spotify-music/Project Assignment 4: SED, AWK, Shell/out/part_f_signal_discovery_summary.txt
-rw-r--r--  1 radhikamandhanya  staff   180 Oct 20 13:16 /Users/radhikamandhanya/bestmusic-spotify-music/Project Assignment 4: SED, AWK, Shell/out/track_name_keyword_families.tsv
[0;34m[2025-10-20 13:16:50][0m Summary Statistics:
Top Genre Signals:
Blues	49	5.16%
Rock	49	5.16%
Alternative	48	5.05%
Comedy	45	4.74%
Hip-Hop	44	4.63%

Keyword Families in Track Names:
love	32
man	18
girl	12
song	11
light	10

Outlier Analysis:
duration_ms	outlier	1280358	11.03	You Satisfy + One Thing Remains
duration_ms	outlier	872227	6.72	Tosca / Act 1: Gente là dentro...Mario! Mario! Mario!
duration_ms	outlier	833240	6.31	Mayn Yingele
duration_ms	outlier	815543	6.12	Caplets: September 2017
duration_ms	outlier	708480	4.99	Harry Hood - Live

[0;34m[2025-10-20 13:16:50][0m Cleaned up temporary directory: /tmp/pa4_part_f_14557
